
-2 0 2 

-2 0 2 
-5 -3 -1 
-16 0 -8 
-49 -5 63 

-2 0 2 

1 1 1 


-2 0 2 
-5 -3 -1 
-16 0 -8 
-49 -5 63 

-2 0 2 


-2 0 2 
-5 -3 -1 
-16 0 -8 
-49 -5 63 

-2 0 2 

1 1 1 

12 -12 -36 

0 0 0 

-2 0 2 
-5 -3 -1 
-16 0 -8 
-49 -5 63 

-2 0 2 

1 1 1 

-28 8 44 

7908 0 8556 

-2 0 2 
-5 -3 -1 
-16 0 -8 
-49 -5 63 

-2 0 2 

1 1 1 

16 4 -8 

132 0 204 

-2 0 2 
-5 -3 -1 
-16 0 -8 
-49 -5 63 

-2 0 2 

1 1 1 

16 4 -8 

132 0 204 

-2 0 2 
-5 -3 -1 
-16 0 -8 
-49 -5 63 

-2 0 2 

1 1 1 


-2 0 2 
-5 -3 -1 
-16 0 -8 
-49 -5 63 

-2 0 2 

1 1 1 

14 2 -10 

156 0 180 

-2 0 2 
-5 -3 -1 
-16 0 -8 
-49 -5 63 

-2 0 2 

1 1 1 

14 2 -10 


-2 0 2 
-5 -3 -1 
-16 0 -8 
-49 -5 63 

-2 0 2 

1 1 1 

14 2 -10 

156 0 180 

-2 0 2 
-5 -3 -1 
-16 0 -8 
-49 -5 63 

-2 0 2 

0 0 0 


-2 0 2 
-5 -3 -1 
-16 0 -8 
-49 -5 63 

-2 0 2 

1 1 1 

14 2 -10 


-2 0 2 
-5 -3 -1 
-16 0 -8 
-49 -5 63 

-2 0 2 

1 1 1 

14 2 -10 

78 0 90 

-2 0 2 
-5 -3 -1 
-16 0 -8 
-49 -5 63 

-2 0 2 

1 1 1 

14 2 -10 

78 0 90 

-2 0 2 
-5 -3 -1 
-16 0 -8 
-49 -5 63 

-2 0 2 

1 1 1 

14 2 -10 

78 0 90 

-2 0 2 
-5 -3 -1 
-16 0 -8 
-49 -5 63 

-2 0 2 

1 1 1 

14 2 -10 

72 0 96 

-2 0 2 
-5 -3 -1 
-16 0 -8 
-49 -5 63 

-2 0 2 

1 1 1 

14 2 -10 

72 0 96 
